#
# There is insufficient memory for the Java Runtime Environment to continue.
# Native memory allocation (malloc) failed to allocate 1149936 bytes for Chunk::new
# Possible reasons:
#   The system is out of physical RAM or swap space
#   In 32 bit mode, the process size limit was hit
# Possible solutions:
#   Reduce memory load on the system
#   Increase physical memory or swap space
#   Check if swap backing store is full
#   Use 64 bit Java on a 64 bit OS
#   Decrease Java heap size (-Xmx/-Xms)
#   Decrease number of Java threads
#   Decrease Java thread stack sizes (-Xss)
#   Set larger code cache with -XX:ReservedCodeCacheSize=
# This output file may be truncated or incomplete.
#
#  Out of Memory Error (allocation.cpp:390), pid=1964, tid=0x0000000000003b6c
#
# JRE version: OpenJDK Runtime Environment (8.0_76-b03) (build 1.8.0_76-release-b03)
# Java VM: OpenJDK 64-Bit Server VM (25.76-b03 mixed mode windows-amd64 compressed oops)
# Failed to write core dump. Minidumps are not enabled by default on client versions of Windows
#

---------------  T H R E A D  ---------------

Current thread (0x000000001656d800):  JavaThread "C2 CompilerThread0" daemon [_thread_in_native, id=15212, stack(0x0000000017bd0000,0x0000000017cd0000)]

Stack: [0x0000000017bd0000,0x0000000017cd0000]
[error occurred during error reporting (printing stack bounds), id 0xc0000005]

Native frames: (J=compiled Java code, j=interpreted, Vv=VM code, C=native code)


Current CompileTask:
C2:10896981 20931   !   4       com.sun.org.apache.xerces.internal.dom.CoreDocumentImpl::adoptNode (512 bytes)


---------------  P R O C E S S  ---------------

Java Threads: ( => current thread )
  0x000000002123a000 JavaThread "stdout" daemon [_thread_in_native, id=23076, stack(0x0000000047910000,0x0000000047a10000)]
  0x000000002123a800 JavaThread "stderr" daemon [_thread_in_native, id=23072, stack(0x0000000047810000,0x0000000047910000)]
  0x0000000021239000 JavaThread "stdout" daemon [_thread_in_native, id=23060, stack(0x0000000047710000,0x0000000047810000)]
  0x0000000021240000 JavaThread "stderr" daemon [_thread_in_native, id=23056, stack(0x0000000047610000,0x0000000047710000)]
  0x000000002123b800 JavaThread "stdout" daemon [_thread_in_native, id=23028, stack(0x0000000047510000,0x0000000047610000)]
  0x000000002123f000 JavaThread "stderr" daemon [_thread_in_native, id=23024, stack(0x0000000047410000,0x0000000047510000)]
  0x000000002123e800 JavaThread "stdout" daemon [_thread_in_native, id=22988, stack(0x0000000047310000,0x0000000047410000)]
  0x000000002123d800 JavaThread "stderr" daemon [_thread_in_native, id=22984, stack(0x0000000047210000,0x0000000047310000)]
  0x000000002123d000 JavaThread "stdout" daemon [_thread_in_native, id=22964, stack(0x0000000047110000,0x0000000047210000)]
  0x0000000021231800 JavaThread "stderr" daemon [_thread_in_native, id=22960, stack(0x0000000047010000,0x0000000047110000)]
  0x0000000021237000 JavaThread "stdout" daemon [_thread_in_native, id=22884, stack(0x0000000046f10000,0x0000000047010000)]
  0x0000000021236000 JavaThread "stderr" daemon [_thread_in_native, id=22880, stack(0x0000000046e10000,0x0000000046f10000)]
  0x0000000021238800 JavaThread "stdout" daemon [_thread_in_native, id=22848, stack(0x0000000046d10000,0x0000000046e10000)]
  0x0000000021235800 JavaThread "stderr" daemon [_thread_in_native, id=22844, stack(0x0000000046c10000,0x0000000046d10000)]
  0x0000000021234800 JavaThread "stdout" daemon [_thread_in_native, id=22828, stack(0x0000000046b10000,0x0000000046c10000)]
  0x0000000021231000 JavaThread "stderr" daemon [_thread_in_native, id=22824, stack(0x0000000046a10000,0x0000000046b10000)]
  0x0000000021234000 JavaThread "stdout" daemon [_thread_in_native, id=22760, stack(0x0000000046910000,0x0000000046a10000)]
  0x0000000021232800 JavaThread "stderr" daemon [_thread_in_native, id=22756, stack(0x0000000046810000,0x0000000046910000)]
  0x0000000021237800 JavaThread "stdout" daemon [_thread_in_native, id=22720, stack(0x0000000046710000,0x0000000046810000)]
  0x0000000021233000 JavaThread "stderr" daemon [_thread_in_native, id=22716, stack(0x0000000046610000,0x0000000046710000)]
  0x00000000218d6800 JavaThread "stdout" daemon [_thread_in_native, id=22700, stack(0x0000000046510000,0x0000000046610000)]
  0x00000000218d6000 JavaThread "stderr" daemon [_thread_in_native, id=22696, stack(0x0000000046410000,0x0000000046510000)]
  0x00000000218d5000 JavaThread "stdout" daemon [_thread_in_native, id=22664, stack(0x0000000046310000,0x0000000046410000)]
  0x00000000218d4800 JavaThread "stderr" daemon [_thread_in_native, id=22660, stack(0x0000000046210000,0x0000000046310000)]
  0x00000000218d3800 JavaThread "stdout" daemon [_thread_in_native, id=22620, stack(0x0000000046110000,0x0000000046210000)]
  0x00000000218d7800 JavaThread "stderr" daemon [_thread_in_native, id=22616, stack(0x0000000046010000,0x0000000046110000)]
  0x00000000218d3000 JavaThread "stdout" daemon [_thread_in_native, id=22596, stack(0x0000000045f10000,0x0000000046010000)]
  0x00000000218d2000 JavaThread "stderr" daemon [_thread_in_native, id=22592, stack(0x0000000045e10000,0x0000000045f10000)]
  0x00000000218d8800 JavaThread "png-cruncher_60" daemon [_thread_blocked, id=22556, stack(0x0000000045d10000,0x0000000045e10000)]
  0x00000000218ca800 JavaThread "png-cruncher_59" daemon [_thread_blocked, id=22552, stack(0x0000000045c10000,0x0000000045d10000)]
  0x00000000218d1800 JavaThread "png-cruncher_58" daemon [_thread_blocked, id=22548, stack(0x0000000045b10000,0x0000000045c10000)]
  0x00000000218d0800 JavaThread "png-cruncher_57" daemon [_thread_blocked, id=22544, stack(0x0000000045a10000,0x0000000045b10000)]
  0x00000000218cd800 JavaThread "png-cruncher_56" daemon [_thread_blocked, id=22540, stack(0x0000000045910000,0x0000000045a10000)]
  0x00000000218d0000 JavaThread "png-cruncher_55" daemon [_thread_blocked, id=14716, stack(0x0000000045810000,0x0000000045910000)]
  0x00000000218cd000 JavaThread "png-cruncher_54" daemon [_thread_blocked, id=12968, stack(0x0000000045710000,0x0000000045810000)]
  0x00000000218cc000 JavaThread "png-cruncher_53" daemon [_thread_blocked, id=7332, stack(0x0000000045610000,0x0000000045710000)]
  0x00000000218cb800 JavaThread "png-cruncher_52" daemon [_thread_blocked, id=14108, stack(0x0000000045510000,0x0000000045610000)]
  0x00000000218c9000 JavaThread "png-cruncher_51" daemon [_thread_blocked, id=16212, stack(0x0000000045410000,0x0000000045510000)]
  0x00000000218cf000 JavaThread "stdout" daemon [_thread_in_native, id=5496, stack(0x0000000045310000,0x0000000045410000)]
  0x00000000218ce800 JavaThread "stderr" daemon [_thread_in_native, id=13260, stack(0x0000000045210000,0x0000000045310000)]
  0x00000000218ca000 JavaThread "stdout" daemon [_thread_in_native, id=18060, stack(0x0000000045110000,0x0000000045210000)]
  0x0000000018746000 JavaThread "stderr" daemon [_thread_in_native, id=10844, stack(0x0000000045010000,0x0000000045110000)]
  0x000000001874d000 JavaThread "stdout" daemon [_thread_in_native, id=16360, stack(0x0000000044f10000,0x0000000045010000)]
  0x0000000018747000 JavaThread "stderr" daemon [_thread_in_native, id=5536, stack(0x0000000044e10000,0x0000000044f10000)]
  0x000000001874a000 JavaThread "stdout" daemon [_thread_in_native, id=19804, stack(0x0000000044d10000,0x0000000044e10000)]
  0x000000001bdbe000 JavaThread "stderr" daemon [_thread_in_native, id=6364, stack(0x0000000044c10000,0x0000000044d10000)]
  0x000000001bdbc800 JavaThread "stdout" daemon [_thread_in_native, id=20424, stack(0x0000000044b10000,0x0000000044c10000)]
  0x000000001bdbb000 JavaThread "stderr" daemon [_thread_in_native, id=4452, stack(0x0000000044a10000,0x0000000044b10000)]
  0x000000001bdbd800 JavaThread "stdout" daemon [_thread_in_native, id=12964, stack(0x0000000044910000,0x0000000044a10000)]
  0x000000001bdb3800 JavaThread "stderr" daemon [_thread_in_native, id=17012, stack(0x0000000044810000,0x0000000044910000)]
  0x000000001bdb9800 JavaThread "png-cruncher_50" daemon [_thread_blocked, id=14672, stack(0x0000000044710000,0x0000000044810000)]
  0x000000001bdb8000 JavaThread "png-cruncher_49" daemon [_thread_blocked, id=5024, stack(0x0000000044610000,0x0000000044710000)]
  0x000000001bdb7800 JavaThread "png-cruncher_48" daemon [_thread_blocked, id=13780, stack(0x0000000044510000,0x0000000044610000)]
  0x000000001bdb6800 JavaThread "png-cruncher_47" daemon [_thread_blocked, id=14276, stack(0x0000000044410000,0x0000000044510000)]
  0x000000001bdb6000 JavaThread "png-cruncher_46" daemon [_thread_blocked, id=10748, stack(0x0000000044310000,0x0000000044410000)]
  0x000000001bdb9000 JavaThread "pool-199-thread-1" [_thread_in_native, id=12044, stack(0x0000000044210000,0x0000000044310000)]
  0x000000001f31c800 JavaThread "png-cruncher_45" daemon [_thread_blocked, id=21580, stack(0x0000000044110000,0x0000000044210000)]
  0x000000001f320800 JavaThread "png-cruncher_44" daemon [_thread_blocked, id=9488, stack(0x0000000044010000,0x0000000044110000)]
  0x000000001f31e000 JavaThread "png-cruncher_43" daemon [_thread_blocked, id=17876, stack(0x0000000043f10000,0x0000000044010000)]
  0x000000001f31f800 JavaThread "png-cruncher_42" daemon [_thread_blocked, id=9724, stack(0x0000000043e10000,0x0000000043f10000)]
  0x000000001f31f000 JavaThread "png-cruncher_41" daemon [_thread_blocked, id=22508, stack(0x0000000043d10000,0x0000000043e10000)]
  0x000000001f31c000 JavaThread "pool-198-thread-4" [_thread_blocked, id=7472, stack(0x0000000043c10000,0x0000000043d10000)]
  0x000000001f314800 JavaThread "pool-198-thread-3" [_thread_blocked, id=19532, stack(0x0000000043b10000,0x0000000043c10000)]
  0x000000001f31b000 JavaThread "pool-198-thread-2" [_thread_blocked, id=15104, stack(0x0000000043a10000,0x0000000043b10000)]
  0x000000001f31a800 JavaThread "pool-198-thread-1" [_thread_blocked, id=9544, stack(0x0000000043910000,0x0000000043a10000)]
  0x000000001f315000 JavaThread "Stdin handler" [_thread_blocked, id=14392, stack(0x0000000043810000,0x0000000043910000)]
  0x000000001f313800 JavaThread "Asynchronous log dispatcher for org.gradle.launcher.daemon.server.DefaultDaemonConnection@59d228f5" [_thread_blocked, id=18328, stack(0x0000000043710000,0x0000000043810000)]
  0x000000001f319000 JavaThread "Cancel handler" [_thread_blocked, id=21060, stack(0x0000000043610000,0x0000000043710000)]
  0x000000001f317800 JavaThread "Handler for socket connection from /127.0.0.1:58012 to /127.0.0.1:53066" [_thread_in_native, id=3552, stack(0x0000000043510000,0x0000000043610000)]
  0x000000001bdba800 JavaThread "Daemon worker Thread 3" [_thread_in_native, id=21824, stack(0x0000000041e10000,0x0000000041f10000)]
  0x000000001bdaf000 JavaThread "Daemon Thread 3" [_thread_blocked, id=3340, stack(0x0000000041b10000,0x0000000041c10000)]
  0x000000001bdb3000 JavaThread "pool-11-thread-4" [_thread_blocked, id=12344, stack(0x000000002aa10000,0x000000002ab10000)]
  0x000000001bdb2000 JavaThread "pool-11-thread-3" [_thread_blocked, id=19356, stack(0x000000002a910000,0x000000002aa10000)]
  0x000000001bdb4800 JavaThread "pool-11-thread-1" [_thread_blocked, id=14056, stack(0x000000002a810000,0x000000002a910000)]
  0x000000001bdb1800 JavaThread "pool-11-thread-2" [_thread_blocked, id=21656, stack(0x000000002a710000,0x000000002a810000)]
  0x000000001bdb0800 JavaThread "Java2D Disposer" daemon [_thread_blocked, id=11276, stack(0x0000000025310000,0x0000000025410000)]
  0x000000001cd94800 JavaThread "File lock request listener" [_thread_in_native, id=18224, stack(0x000000001c110000,0x000000001c210000)]
  0x00000000192ee800 JavaThread "pool-1-thread-1" [_thread_blocked, id=22020, stack(0x000000001a440000,0x000000001a540000)]
  0x000000001904d000 JavaThread "Incoming local TCP Connector on port 58012" [_thread_in_native, id=1288, stack(0x0000000019fe0000,0x000000001a0e0000)]
  0x0000000017f00800 JavaThread "Service Thread" daemon [_thread_blocked, id=7904, stack(0x00000000182d0000,0x00000000183d0000)]
  0x0000000016576000 JavaThread "C1 CompilerThread2" daemon [_thread_blocked, id=17316, stack(0x0000000017dd0000,0x0000000017ed0000)]
  0x000000001656f800 JavaThread "C2 CompilerThread1" daemon [_thread_in_native, id=18820, stack(0x0000000017cd0000,0x0000000017dd0000)]
=>0x000000001656d800 JavaThread "C2 CompilerThread0" daemon [_thread_in_native, id=15212, stack(0x0000000017bd0000,0x0000000017cd0000)]
  0x000000001656c000 JavaThread "Attach Listener" daemon [_thread_blocked, id=19800, stack(0x0000000017ad0000,0x0000000017bd0000)]
  0x000000001656b000 JavaThread "Signal Dispatcher" daemon [_thread_blocked, id=20616, stack(0x00000000179d0000,0x0000000017ad0000)]
  0x0000000016558800 JavaThread "Finalizer" daemon [_thread_blocked, id=1080, stack(0x00000000177c0000,0x00000000178c0000)]
  0x0000000002b01800 JavaThread "Reference Handler" daemon [_thread_blocked, id=6868, stack(0x00000000176c0000,0x00000000177c0000)]
  0x0000000002bfd800 JavaThread "main" [_thread_blocked, id=12900, stack(0x00000000028b0000,0x00000000029b0000)]

Other Threads:
  0x0000000016534800 VMThread [stack: 0x00000000175c0000,0x00000000176c0000] [id=8212]
  0x00000000165ce000 WatcherThread [stack: 0x00000000183d0000,0x00000000184d0000] [id=8368]

VM state:not at safepoint (normal execution)

VM Mutex/Monitor currently owned by a thread: None

Heap:
 PSYoungGen      total 430080K, used 224017K [0x00000000e0000000, 0x0000000100000000, 0x0000000100000000)
  eden space 339456K, 63% used [0x00000000e0000000,0x00000000ed118768,0x00000000f4b80000)
  from space 90624K, 10% used [0x00000000fa100000,0x00000000faaac010,0x00000000ff980000)
  to   space 87552K, 0% used [0x00000000f4b80000,0x00000000f4b80000,0x00000000fa100000)
 ParOldGen       total 332288K, used 35541K [0x00000000a0000000, 0x00000000b4480000, 0x00000000e0000000)
  object space 332288K, 10% used [0x00000000a0000000,0x00000000a22b5518,0x00000000b4480000)
 Metaspace       used 72974K, capacity 75180K, committed 80176K, reserved 1118208K
  class space    used 8968K, capacity 9326K, committed 10544K, reserved 1048576K

Card table byte_map: [0x0000000011fc0000,0x00000000122d0000] byte_map_base: 0x0000000011ac0000

Marking Bits: (ParMarkBitMap*) 0x00000000671c9d00
 Begin Bits: [0x00000000128d0000, 0x00000000140d0000)
 End Bits:   [0x00000000140d0000, 0x00000000158d0000)

Polling page: 0x00000000029b0000

CodeCache: size=245760Kb used=57671Kb max_used=58499Kb free=188088Kb
 bounds [0x0000000002c00000, 0x00000000065b0000, 0x0000000011c00000]
 total_blobs=16552 nmethods=15696 adapters=767
 compilation: enabled

Compilation events (10 events):
Event: 10893.828 Thread 0x000000001656f800 20927       4       sun.nio.cs.StreamEncoder::write (37 bytes)
Event: 10893.831 Thread 0x000000001656f800 nmethod 20927 0x0000000003550d50 code [0x0000000003550ea0, 0x0000000003551148]
Event: 10893.876 Thread 0x0000000016576000 20928       3       com.google.common.collect.MapMaker::getInitialCapacity (18 bytes)
Event: 10893.876 Thread 0x0000000016576000 nmethod 20928 0x0000000003e86f50 code [0x0000000003e870a0, 0x0000000003e87250]
Event: 10893.876 Thread 0x0000000016576000 20929       3       com.google.common.collect.MapMaker::getConcurrencyLevel (17 bytes)
Event: 10893.876 Thread 0x0000000016576000 nmethod 20929 0x0000000003257010 code [0x0000000003257160, 0x0000000003257310]
Event: 10893.974 Thread 0x0000000016576000 20930       3       com.google.common.collect.MapMaker::makeMap (55 bytes)
Event: 10893.975 Thread 0x0000000016576000 nmethod 20930 0x0000000003f1da10 code [0x0000000003f1dc00, 0x0000000003f1e388]
Event: 10894.138 Thread 0x000000001656d800 20931   !   4       com.sun.org.apache.xerces.internal.dom.CoreDocumentImpl::adoptNode (512 bytes)
Event: 10894.162 Thread 0x000000001656f800 20932   !   4       com.google.common.util.concurrent.ExecutionList::execute (86 bytes)

GC Heap History (10 events):
Event: 514.376 GC heap before
{Heap before GC invocations=40 (full 5):
 PSYoungGen      total 419840K, used 341746K [0x00000000e0000000, 0x00000000ff980000, 0x0000000100000000)
  eden space 327168K, 100% used [0x00000000e0000000,0x00000000f3f80000,0x00000000f3f80000)
  from space 92672K, 15% used [0x00000000f9f00000,0x00000000fad3cad0,0x00000000ff980000)
  to   space 95232K, 0% used [0x00000000f3f80000,0x00000000f3f80000,0x00000000f9c80000)
 ParOldGen       total 332288K, used 130540K [0x00000000a0000000, 0x00000000b4480000, 0x00000000e0000000)
  object space 332288K, 39% used [0x00000000a0000000,0x00000000a7f7b388,0x00000000b4480000)
 Metaspace       used 75466K, capacity 78464K, committed 78640K, reserved 1118208K
  class space    used 9610K, capacity 10251K, committed 10288K, reserved 1048576K
Event: 514.433 GC heap after
Heap after GC invocations=40 (full 5):
 PSYoungGen      total 422400K, used 44215K [0x00000000e0000000, 0x00000000ffd80000, 0x0000000100000000)
  eden space 327168K, 0% used [0x00000000e0000000,0x00000000e0000000,0x00000000f3f80000)
  from space 95232K, 46% used [0x00000000f3f80000,0x00000000f6aadfd8,0x00000000f9c80000)
  to   space 92672K, 0% used [0x00000000fa300000,0x00000000fa300000,0x00000000ffd80000)
 ParOldGen       total 332288K, used 134727K [0x00000000a0000000, 0x00000000b4480000, 0x00000000e0000000)
  object space 332288K, 40% used [0x00000000a0000000,0x00000000a8391d60,0x00000000b4480000)
 Metaspace       used 75466K, capacity 78464K, committed 78640K, reserved 1118208K
  class space    used 9610K, capacity 10251K, committed 10288K, reserved 1048576K
}
Event: 515.142 GC heap before
{Heap before GC invocations=41 (full 5):
 PSYoungGen      total 422400K, used 370761K [0x00000000e0000000, 0x00000000ffd80000, 0x0000000100000000)
  eden space 327168K, 99% used [0x00000000e0000000,0x00000000f3ee4558,0x00000000f3f80000)
  from space 95232K, 46% used [0x00000000f3f80000,0x00000000f6aadfd8,0x00000000f9c80000)
  to   space 92672K, 0% used [0x00000000fa300000,0x00000000fa300000,0x00000000ffd80000)
 ParOldGen       total 332288K, used 134727K [0x00000000a0000000, 0x00000000b4480000, 0x00000000e0000000)
  object space 332288K, 40% used [0x00000000a0000000,0x00000000a8391d60,0x00000000b4480000)
 Metaspace       used 75512K, capacity 78464K, committed 78640K, reserved 1118208K
  class space    used 9610K, capacity 10251K, committed 10288K, reserved 1048576K
Event: 515.153 GC heap after
Heap after GC invocations=41 (full 5):
 PSYoungGen      total 428032K, used 4677K [0x00000000e0000000, 0x00000000ffc80000, 0x0000000100000000)
  eden space 336384K, 0% used [0x00000000e0000000,0x00000000e0000000,0x00000000f4880000)
  from space 91648K, 5% used [0x00000000fa300000,0x00000000fa7916f0,0x00000000ffc80000)
  to   space 92160K, 0% used [0x00000000f4880000,0x00000000f4880000,0x00000000fa280000)
 ParOldGen       total 332288K, used 139201K [0x00000000a0000000, 0x00000000b4480000, 0x00000000e0000000)
  object space 332288K, 41% used [0x00000000a0000000,0x00000000a87f0420,0x00000000b4480000)
 Metaspace       used 75512K, capacity 78464K, committed 78640K, reserved 1118208K
  class space    used 9610K, capacity 10251K, committed 10288K, reserved 1048576K
}
Event: 10864.464 GC heap before
{Heap before GC invocations=42 (full 5):
 PSYoungGen      total 428032K, used 242026K [0x00000000e0000000, 0x00000000ffc80000, 0x0000000100000000)
  eden space 336384K, 70% used [0x00000000e0000000,0x00000000ee7c9160,0x00000000f4880000)
  from space 91648K, 5% used [0x00000000fa300000,0x00000000fa7916f0,0x00000000ffc80000)
  to   space 92160K, 0% used [0x00000000f4880000,0x00000000f4880000,0x00000000fa280000)
 ParOldGen       total 332288K, used 139201K [0x00000000a0000000, 0x00000000b4480000, 0x00000000e0000000)
  object space 332288K, 41% used [0x00000000a0000000,0x00000000a87f0420,0x00000000b4480000)
 Metaspace       used 76569K, capacity 79880K, committed 80176K, reserved 1118208K
  class space    used 9774K, capacity 10495K, committed 10544K, reserved 1048576K
Event: 10864.479 GC heap after
Heap after GC invocations=42 (full 5):
 PSYoungGen      total 342528K, used 5924K [0x00000000e0000000, 0x00000000ff980000, 0x0000000100000000)
  eden space 336384K, 0% used [0x00000000e0000000,0x00000000e0000000,0x00000000f4880000)
  from space 6144K, 96% used [0x00000000f4880000,0x00000000f4e493f8,0x00000000f4e80000)
  to   space 90624K, 0% used [0x00000000fa100000,0x00000000fa100000,0x00000000ff980000)
 ParOldGen       total 332288K, used 139305K [0x00000000a0000000, 0x00000000b4480000, 0x00000000e0000000)
  object space 332288K, 41% used [0x00000000a0000000,0x00000000a880a420,0x00000000b4480000)
 Metaspace       used 76569K, capacity 79880K, committed 80176K, reserved 1118208K
  class space    used 9774K, capacity 10495K, committed 10544K, reserved 1048576K
}
Event: 10864.479 GC heap before
{Heap before GC invocations=43 (full 6):
 PSYoungGen      total 342528K, used 5924K [0x00000000e0000000, 0x00000000ff980000, 0x0000000100000000)
  eden space 336384K, 0% used [0x00000000e0000000,0x00000000e0000000,0x00000000f4880000)
  from space 6144K, 96% used [0x00000000f4880000,0x00000000f4e493f8,0x00000000f4e80000)
  to   space 90624K, 0% used [0x00000000fa100000,0x00000000fa100000,0x00000000ff980000)
 ParOldGen       total 332288K, used 139305K [0x00000000a0000000, 0x00000000b4480000, 0x00000000e0000000)
  object space 332288K, 41% used [0x00000000a0000000,0x00000000a880a420,0x00000000b4480000)
 Metaspace       used 76569K, capacity 79880K, committed 80176K, reserved 1118208K
  class space    used 9774K, capacity 10495K, committed 10544K, reserved 1048576K
Event: 10864.798 GC heap after
Heap after GC invocations=43 (full 6):
 PSYoungGen      total 342528K, used 0K [0x00000000e0000000, 0x00000000ff980000, 0x0000000100000000)
  eden space 336384K, 0% used [0x00000000e0000000,0x00000000e0000000,0x00000000f4880000)
  from space 6144K, 0% used [0x00000000f4880000,0x00000000f4880000,0x00000000f4e80000)
  to   space 90624K, 0% used [0x00000000fa100000,0x00000000fa100000,0x00000000ff980000)
 ParOldGen       total 332288K, used 35541K [0x00000000a0000000, 0x00000000b4480000, 0x00000000e0000000)
  object space 332288K, 10% used [0x00000000a0000000,0x00000000a22b5518,0x00000000b4480000)
 Metaspace       used 72049K, capacity 73722K, committed 80176K, reserved 1118208K
  class space    used 8873K, capacity 9179K, committed 10544K, reserved 1048576K
}
Event: 10880.241 GC heap before
{Heap before GC invocations=44 (full 6):
 PSYoungGen      total 342528K, used 336384K [0x00000000e0000000, 0x00000000ff980000, 0x0000000100000000)
  eden space 336384K, 100% used [0x00000000e0000000,0x00000000f4880000,0x00000000f4880000)
  from space 6144K, 0% used [0x00000000f4880000,0x00000000f4880000,0x00000000f4e80000)
  to   space 90624K, 0% used [0x00000000fa100000,0x00000000fa100000,0x00000000ff980000)
 ParOldGen       total 332288K, used 35541K [0x00000000a0000000, 0x00000000b4480000, 0x00000000e0000000)
  object space 332288K, 10% used [0x00000000a0000000,0x00000000a22b5518,0x00000000b4480000)
 Metaspace       used 72787K, capacity 74928K, committed 80176K, reserved 1118208K
  class space    used 8956K, capacity 9306K, committed 10544K, reserved 1048576K
Event: 10880.262 GC heap after
Heap after GC invocations=44 (full 6):
 PSYoungGen      total 430080K, used 9904K [0x00000000e0000000, 0x0000000100000000, 0x0000000100000000)
  eden space 339456K, 0% used [0x00000000e0000000,0x00000000e0000000,0x00000000f4b80000)
  from space 90624K, 10% used [0x00000000fa100000,0x00000000faaac010,0x00000000ff980000)
  to   space 87552K, 0% used [0x00000000f4b80000,0x00000000f4b80000,0x00000000fa100000)
 ParOldGen       total 332288K, used 35541K [0x00000000a0000000, 0x00000000b4480000, 0x00000000e0000000)
  object space 332288K, 10% used [0x00000000a0000000,0x00000000a22b5518,0x00000000b4480000)
 Metaspace       used 72787K, capacity 74928K, committed 80176K, reserved 1118208K
  class space    used 8956K, capacity 9306K, committed 10544K, reserved 1048576K
}

Deoptimization events (10 events):
Event: 10870.167 Thread 0x000000001bdba800 Uncommon trap: reason=bimorphic action=maybe_recompile pc=0x0000000005d95304 method=com.android.ide.common.res2.NodeUtils.duplicateNode(Lorg/w3c/dom/Document;Lorg/w3c/dom/Node;)Lorg/w3c/dom/Node; @ 1
Event: 10870.167 Thread 0x000000001bdba800 Uncommon trap: reason=bimorphic action=maybe_recompile pc=0x0000000005d95304 method=com.android.ide.common.res2.NodeUtils.duplicateNode(Lorg/w3c/dom/Document;Lorg/w3c/dom/Node;)Lorg/w3c/dom/Node; @ 1
Event: 10870.269 Thread 0x000000001bdba800 Uncommon trap: reason=unstable_if action=reinterpret pc=0x00000000060d8498 method=org.gradle.cache.internal.btree.FreeListBlockStore$FreeListBlock.alloc(Lorg/gradle/cache/internal/btree/Block;)V @ 90
Event: 10884.112 Thread 0x000000001bdba800 Uncommon trap: reason=unstable_if action=reinterpret pc=0x0000000003228f90 method=com.google.common.collect.MapMakerInternalMap$Segment.getEntry(Ljava/lang/Object;I)Lcom/google/common/collect/MapMakerInternalMap$ReferenceEntry; @ 40
Event: 10885.231 Thread 0x000000001bdba800 Uncommon trap: reason=class_check action=maybe_recompile pc=0x0000000006299414 method=sun.reflect.DelegatingConstructorAccessorImpl.newInstance([Ljava/lang/Object;)Ljava/lang/Object; @ 5
Event: 10885.235 Thread 0x000000001bdba800 Uncommon trap: reason=class_check action=maybe_recompile pc=0x0000000006299414 method=sun.reflect.DelegatingConstructorAccessorImpl.newInstance([Ljava/lang/Object;)Ljava/lang/Object; @ 5
Event: 10885.238 Thread 0x000000001bdba800 Uncommon trap: reason=class_check action=maybe_recompile pc=0x0000000006299414 method=sun.reflect.DelegatingConstructorAccessorImpl.newInstance([Ljava/lang/Object;)Ljava/lang/Object; @ 5
Event: 10885.241 Thread 0x000000001bdba800 Uncommon trap: reason=class_check action=maybe_recompile pc=0x0000000006299414 method=sun.reflect.DelegatingConstructorAccessorImpl.newInstance([Ljava/lang/Object;)Ljava/lang/Object; @ 5
Event: 10894.134 Thread 0x000000001bdb9000 Uncommon trap: reason=unstable_if action=reinterpret pc=0x00000000057e79f4 method=com.google.common.util.concurrent.AbstractFuture$Sync.getValue()Ljava/lang/Object; @ 44
Event: 10894.134 Thread 0x000000001bdb9000 Uncommon trap: reason=unstable_if action=reinterpret pc=0x0000000004202314 method=com.google.common.util.concurrent.AbstractFuture$Sync.getValue()Ljava/lang/Object; @ 44

Internal exceptions (10 events):
Event: 10869.239 Thread 0x000000001bdba800 Exception <a 'java/lang/NoSuchMethodError': <clinit>> (0x00000000ec614408) thrown at [C:\src\android\AOSP-openjdk\external\jetbrains\jdk\hotspot\src\share\vm\prims\jni.cpp, line 1591]
Event: 10869.242 Thread 0x000000001bdba800 Exception <a 'java/lang/NoSuchMethodError': <clinit>> (0x00000000ec62ca98) thrown at [C:\src\android\AOSP-openjdk\external\jetbrains\jdk\hotspot\src\share\vm\prims\jni.cpp, line 1591]
Event: 10869.242 Thread 0x000000001bdba800 Exception <a 'java/lang/NoSuchMethodError': <clinit>> (0x00000000ec62def0) thrown at [C:\src\android\AOSP-openjdk\external\jetbrains\jdk\hotspot\src\share\vm\prims\jni.cpp, line 1591]
Event: 10870.060 Thread 0x000000001bdba800 Implicit null exception at 0x000000000479df00 to 0x000000000479e565
Event: 10870.075 Thread 0x000000001bdba800 Implicit null exception at 0x00000000048d85a9 to 0x00000000048d8919
Event: 10870.075 Thread 0x000000001bdba800 Implicit null exception at 0x00000000034ab09a to 0x00000000034ab43d
Event: 10879.796 Thread 0x000000001bdba800 Exception <a 'java/lang/ClassNotFoundException': asLocalRepo788_9se5g8tau0e7hgb5xxhh25wipBeanInfo> (0x00000000f1389c30) thrown at [C:\src\android\AOSP-openjdk\external\jetbrains\jdk\hotspot\src\share\vm\classfile\systemDictionary.cpp, line 210]
Event: 10879.797 Thread 0x000000001bdba800 Exception <a 'java/lang/ClassNotFoundException': asLocalRepo788_9se5g8tau0e7hgb5xxhh25wipCustomizer> (0x00000000f13937e8) thrown at [C:\src\android\AOSP-openjdk\external\jetbrains\jdk\hotspot\src\share\vm\classfile\systemDictionary.cpp, line 210]
Event: 10880.518 Thread 0x000000001bdba800 Exception <a 'java/lang/reflect/InvocationTargetException'> (0x00000000e12ff820) thrown at [C:\src\android\AOSP-openjdk\external\jetbrains\jdk\hotspot\src\share\vm\runtime\reflection.cpp, line 1092]
Event: 10884.112 Thread 0x000000001bdba800 Implicit null exception at 0x00000000032288b5 to 0x0000000003228f6d

Events (10 events):
Event: 10893.713 Thread 0x000000001656f800 flushing nmethod 0x0000000006304b90
Event: 10893.714 Thread 0x000000001656f800 flushing nmethod 0x0000000006347cd0
Event: 10893.714 Thread 0x000000001656f800 flushing nmethod 0x00000000063a7b50
Event: 10893.714 Thread 0x000000001656f800 flushing nmethod 0x0000000006478c90
Event: 10894.134 Thread 0x000000001bdb9000 Uncommon trap: trap_request=0xffffff65 fr.pc=0x00000000057e79f4
Event: 10894.134 Thread 0x000000001bdb9000 DEOPT PACKING pc=0x00000000057e79f4 sp=0x000000004430ee40
Event: 10894.134 Thread 0x000000001bdb9000 DEOPT UNPACKING pc=0x0000000002c4556a sp=0x000000004430ed40 mode 2
Event: 10894.134 Thread 0x000000001bdb9000 Uncommon trap: trap_request=0xffffff65 fr.pc=0x0000000004202314
Event: 10894.134 Thread 0x000000001bdb9000 DEOPT PACKING pc=0x0000000004202314 sp=0x000000004430eaa0
Event: 10894.134 Thread 0x000000001bdb9000 DEOPT UNPACKING pc=0x0000000002c4556a sp=0x000000004430ea30 mode 2


Dynamic libraries:
0x00007ff6b7de0000 - 0x00007ff6b7e11000 	C:\Program Files\Android\Android Studio\jre\bin\java.exe
0x00007ffe74a20000 - 0x00007ffe74bf1000 	C:\WINDOWS\SYSTEM32\ntdll.dll
0x00007ffe729b0000 - 0x00007ffe72a5b000 	C:\WINDOWS\System32\KERNEL32.DLL
0x00007ffe710f0000 - 0x00007ffe7130d000 	C:\WINDOWS\System32\KERNELBASE.dll
0x00007ffe72430000 - 0x00007ffe724d2000 	C:\WINDOWS\System32\ADVAPI32.dll
0x00007ffe74820000 - 0x00007ffe748be000 	C:\WINDOWS\System32\msvcrt.dll
0x00007ffe744c0000 - 0x00007ffe74519000 	C:\WINDOWS\System32\sechost.dll
0x00007ffe72300000 - 0x00007ffe72421000 	C:\WINDOWS\System32\RPCRT4.dll
0x00007ffe745e0000 - 0x00007ffe74745000 	C:\WINDOWS\System32\USER32.dll
0x00007ffe71700000 - 0x00007ffe7171e000 	C:\WINDOWS\System32\win32u.dll
0x00007ffe74940000 - 0x00007ffe74974000 	C:\WINDOWS\System32\GDI32.dll
0x00007ffe71e00000 - 0x00007ffe71f82000 	C:\WINDOWS\System32\gdi32full.dll
0x00007ffe63d60000 - 0x00007ffe63fd9000 	C:\WINDOWS\WinSxS\amd64_microsoft.windows.common-controls_6595b64144ccf1df_6.0.14393.447_none_42191651c6827bb3\COMCTL32.dll
0x00007ffe71f90000 - 0x00007ffe72257000 	C:\WINDOWS\System32\combase.dll
0x00007ffe71380000 - 0x00007ffe71475000 	C:\WINDOWS\System32\ucrtbase.dll
0x00007ffe71310000 - 0x00007ffe7137a000 	C:\WINDOWS\System32\bcryptPrimitives.dll
0x00007ffe724e0000 - 0x00007ffe7250e000 	C:\WINDOWS\System32\IMM32.DLL
0x00000000676e0000 - 0x00000000677b2000 	C:\Program Files\Android\Android Studio\jre\jre\bin\msvcr100.dll
0x0000000066a10000 - 0x0000000067244000 	C:\Program Files\Android\Android Studio\jre\jre\bin\server\jvm.dll
0x00007ffe72260000 - 0x00007ffe72268000 	C:\WINDOWS\System32\PSAPI.DLL
0x00007ffe64570000 - 0x00007ffe64579000 	C:\WINDOWS\SYSTEM32\WSOCK32.dll
0x00007ffe748c0000 - 0x00007ffe7492a000 	C:\WINDOWS\System32\WS2_32.dll
0x00007ffe6ee60000 - 0x00007ffe6ee83000 	C:\WINDOWS\SYSTEM32\WINMM.dll
0x00007ffe64fd0000 - 0x00007ffe64fda000 	C:\WINDOWS\SYSTEM32\VERSION.dll
0x00007ffe6ee00000 - 0x00007ffe6ee2b000 	C:\WINDOWS\SYSTEM32\WINMMBASE.dll
0x00007ffe70f50000 - 0x00007ffe70f92000 	C:\WINDOWS\System32\cfgmgr32.dll
0x00007ffe6d560000 - 0x00007ffe6d56f000 	C:\Program Files\Android\Android Studio\jre\jre\bin\verify.dll
0x00007ffe6d510000 - 0x00007ffe6d539000 	C:\Program Files\Android\Android Studio\jre\jre\bin\java.dll
0x00007ffe6ad10000 - 0x00007ffe6ad26000 	C:\Program Files\Android\Android Studio\jre\jre\bin\zip.dll
0x00007ffe72f90000 - 0x00007ffe74499000 	C:\WINDOWS\System32\SHELL32.dll
0x00007ffe71720000 - 0x00007ffe71dfa000 	C:\WINDOWS\System32\windows.storage.dll
0x00007ffe70e80000 - 0x00007ffe70ecc000 	C:\WINDOWS\System32\powrprof.dll
0x00007ffe72810000 - 0x00007ffe72862000 	C:\WINDOWS\System32\shlwapi.dll
0x00007ffe70e70000 - 0x00007ffe70e7f000 	C:\WINDOWS\System32\kernel.appcore.dll
0x00007ffe71040000 - 0x00007ffe710e9000 	C:\WINDOWS\System32\shcore.dll
0x00007ffe70ed0000 - 0x00007ffe70ee4000 	C:\WINDOWS\System32\profapi.dll
0x00007ffe659f0000 - 0x00007ffe65a0a000 	C:\Program Files\Android\Android Studio\jre\jre\bin\net.dll
0x00007ffe70640000 - 0x00007ffe7069c000 	C:\WINDOWS\system32\mswsock.dll
0x00007ffe61d40000 - 0x00007ffe61d51000 	C:\Program Files\Android\Android Studio\jre\jre\bin\nio.dll
0x00007ffe5e8b0000 - 0x00007ffe5e8c2000 	C:\Users\Jacques\.gradle\native\19\windows-amd64\native-platform.dll
0x00007ffe70930000 - 0x00007ffe70947000 	C:\WINDOWS\SYSTEM32\CRYPTSP.dll
0x00007ffe70840000 - 0x00007ffe70873000 	C:\WINDOWS\system32\rsaenh.dll
0x00007ffe70a40000 - 0x00007ffe70a6b000 	C:\WINDOWS\SYSTEM32\bcrypt.dll
0x00007ffe704c0000 - 0x00007ffe704df000 	C:\WINDOWS\SYSTEM32\USERENV.dll
0x00007ffe70950000 - 0x00007ffe7095b000 	C:\WINDOWS\SYSTEM32\CRYPTBASE.dll
0x00007ffe703d0000 - 0x00007ffe70408000 	C:\WINDOWS\SYSTEM32\IPHLPAPI.DLL
0x00007ffe74750000 - 0x00007ffe74758000 	C:\WINDOWS\System32\NSI.dll
0x00007ffe692b0000 - 0x00007ffe692c6000 	C:\WINDOWS\SYSTEM32\dhcpcsvc6.DLL
0x00007ffe69290000 - 0x00007ffe692aa000 	C:\WINDOWS\SYSTEM32\dhcpcsvc.DLL
0x00007ffe6d550000 - 0x00007ffe6d55d000 	C:\Program Files\Android\Android Studio\jre\jre\bin\management.dll
0x00007ffe36070000 - 0x00007ffe36203000 	C:\Program Files\Android\Android Studio\jre\jre\bin\awt.dll
0x00007ffe74760000 - 0x00007ffe7481f000 	C:\WINDOWS\System32\OLEAUT32.dll
0x00007ffe70fa0000 - 0x00007ffe7103c000 	C:\WINDOWS\System32\msvcp_win.dll
0x00007ffe6f400000 - 0x00007ffe6f47a000 	C:\WINDOWS\SYSTEM32\apphelp.dll
0x00007ffe6ecb0000 - 0x00007ffe6ecd6000 	C:\WINDOWS\system32\DWMAPI.DLL
0x00007ffe6f5b0000 - 0x00007ffe6f645000 	C:\WINDOWS\system32\uxtheme.dll
0x00007ffe5dfe0000 - 0x00007ffe5e004000 	C:\Program Files\Android\Android Studio\jre\jre\bin\sunec.dll
0x00007ffe6e2a0000 - 0x00007ffe6e2ab000 	C:\Program Files\Android\Android Studio\jre\jre\bin\sunmscapi.dll
0x00007ffe71530000 - 0x00007ffe716f9000 	C:\WINDOWS\System32\CRYPT32.dll
0x00007ffe70e60000 - 0x00007ffe70e70000 	C:\WINDOWS\System32\MSASN1.dll

VM Arguments:
jvm_args: -Xmx1536m -Dfile.encoding=windows-1252 -Duser.country=CH -Duser.language=fr -Duser.variant 
java_command: org.gradle.launcher.daemon.bootstrap.GradleDaemon 2.14.1
java_class_path (initial): C:\Program Files\Android\Android Studio\gradle\gradle-2.14.1\lib\gradle-launcher-2.14.1.jar
Launcher Type: SUN_STANDARD

Environment Variables:
PATH=C:\ProgramData\Oracle\Java\javapath;C:\oraclexe\app\oracle\product\11.2.0\server\bin;C:\Program Files (x86)\Intel\iCLS Client\;C:\Program Files\Intel\iCLS Client\;C:\WINDOWS\system32;C:\WINDOWS;C:\WINDOWS\System32\Wbem;C:\WINDOWS\System32\WindowsPowerShell\v1.0\;C:\Program Files\Intel\Intel(R) Management Engine Components\DAL;C:\Program Files\Intel\Intel(R) Management Engine Components\IPT;C:\Program Files (x86)\Intel\Intel(R) Management Engine Components\DAL;C:\Program Files (x86)\Intel\Intel(R) Management Engine Components\IPT;C:\Program Files (x86)\Intel\OpenCL SDK\3.0\bin\x86;C:\Program Files (x86)\Intel\OpenCL SDK\3.0\bin\x64;C:\Program Files (x86)\MySQL\MySQL Fabric 1.5.2 & MySQL Utilities 1.5.2 1.5\;C:\Program Files (x86)\MySQL\MySQL Fabric 1.5.2 & MySQL Utilities 1.5.2 1.5\Doctrine extensions for PHP\;C:\Program Files\TortoiseSVN\bin;C:\Program Files\Intel\WiFi\bin\;C:\Program Files\Common Files\Intel\WirelessCommon\;C:\WINDOWS\system32\config\systemprofile\.dnx\bin;C:\Program Files\Microsoft DNX\Dnvm\;C:\Program Files\Microsoft SQL Server\120\Tools\Binn\;C:\Program Files\Novell\iPrint;C:\Program Files\Git\cmd;C:\Users\Jacques\.dnx\bin;C:\Program Files\Intel\WiFi\bin\;C:\Program Files\Common Files\Intel\WirelessCommon\;%USERPROFILE%\AppData\Local\Microsoft\WindowsApps;
USERNAME=Jacques
OS=Windows_NT
PROCESSOR_IDENTIFIER=Intel64 Family 6 Model 69 Stepping 1, GenuineIntel



---------------  S Y S T E M  ---------------

OS: Windows 10.0 , 64 bit Build 14393 (10.0.14393.0)

CPU:total 4 (2 cores per cpu, 2 threads per core) family 6 model 69 stepping 1, cmov, cx8, fxsr, mmx, sse, sse2, sse3, ssse3, sse4.1, sse4.2, popcnt, avx, avx2, aes, clmul, erms, lzcnt, ht, tsc, tscinvbit, bmi1, bmi2

Memory: 4k page, physical 16684372k(3299128k free), swap 16684372k(2264k free)

vm_info: OpenJDK 64-Bit Server VM (25.76-b03) for windows-amd64 JRE (1.8.0_76-release-b03), built on Jun 29 2016 19:09:20 by "ralucas" with MS VC++ 10.0 (VS2010)

time: Thu Nov 17 13:18:13 2016
elapsed time: 10894 seconds (0d 3h 1m 34s)

